0:100  0:100  MemLog inited, TSC freq: 2394460995
0:100  0:000  
0:100  0:000  Now is 16.6.2018,  8:43:32 (GMT)
0:100  0:000  Starting Clover revision: 4035 on American Megatrends EFI
0:100  0:000  Build with: [Args: -D NO_GRUB_DRIVERS_EMBEDDED | -D NO_GRUB_DRIVERS_EMBEDDED -D USE_LOW_EBDA -a X64 -b RELEASE -t XCODE5 -n 5 | OS: 10.12.4 | XCODE: 8.2.1]
0:100  0:000  SelfDevicePath=PciRoot(0x0)\Pci(0x1F,0x2)\Sata(0x5,0xFFFF,0x0)\HD(1,GPT,92716829-EEC2-48AF-93D2-BFADC81CEC4E,0x22,0xC8000) @A24B9D18
0:100  0:000  SelfDirPath = \EFI\BOOT
0:100  0:000  === [ Get Smbios ] ========================================
0:100  0:000  Type 16 Index = 0
0:100  0:000  Total Memory Slots Count = 4
0:100  0:000  Type 17 Index = 0
0:100  0:000  SmbiosTable.Type17->Speed = 1600MHz
0:100  0:000  SmbiosTable.Type17->Size = 4096MB
0:100  0:000  SmbiosTable.Type17->Bank/Device = BANK 0 ChannelA-DIMM0
0:100  0:000  SmbiosTable.Type17->Vendor = Samsung
0:100  0:000  SmbiosTable.Type17->SerialNumber = 35891014
0:100  0:000  SmbiosTable.Type17->PartNumber = M471B5173QH0-YK0  
0:100  0:000  Type 17 Index = 1
0:100  0:000  SmbiosTable.Type17->Speed = 1600MHz
0:100  0:000  SmbiosTable.Type17->Size = 8192MB
0:100  0:000  SmbiosTable.Type17->Bank/Device = BANK 2 ChannelB-DIMM0
0:100  0:000  SmbiosTable.Type17->Vendor = Kingston
0:100  0:000  SmbiosTable.Type17->SerialNumber = 91081618
0:100  0:000  SmbiosTable.Type17->PartNumber = 9905428-123.A00LF 
0:100  0:000  Boot status=0
0:100  0:000  Running on: 'X750JB' with board 'X750JB'
0:100  0:000  === [ GetCPUProperties ] ==================================
0:100  0:000  CPU Vendor = 756E6547 Model=306C3
0:100  0:000   The CPU supported SSE4.1
0:100  0:000  The CPU supported turbo
0:100  0:000  BrandString = Intel(R) Core(TM) i7-4700HQ CPU @ 2.40GHz
0:100  0:000  MSR 0xE2 before patch 1E008405
0:100  0:000  MSR 0xE2 is locked, PM patches will be turned on
0:100  0:000  MSR 0xCE              00080838_F3011800
0:100  0:000  MSR 0x1A0             00850089
0:100  0:000  corrected FLEX_RATIO = 40000
0:100  0:000  MSR 0x1B0             00000000
0:100  0:000  FSBFrequency=100MHz DMIvalue=100000kHz
0:100  0:000  Corrected FSBFrequency=100MHz
0:100  0:000  MaxDiv/MinDiv: 24.0/8
0:100  0:000  Turbo: 32/32/33/34
0:100  0:000  Features: 0xBFEBFBFF
0:100  0:000  Threads: 8
0:100  0:000  Cores: 4
0:100  0:000  FSB: 100 MHz
0:100  0:000  CPU: 2400 MHz
0:100  0:000  TSC: 2400 MHz
0:100  0:000  PIS: 400 MHz
0:100  0:000  === [ GetDevices ] ========================================
0:100  0:000  PCI (00|00:00.00) : 8086 0C04 class=060000
0:100  0:000  PCI (00|00:01.00) : 8086 0C01 class=060400
0:100  0:000  PCI (00|01:00.00) : 10DE 1292 class=030200
0:100  0:000  PCI (00|00:02.00) : 8086 0416 class=030000
0:100  0:000   - GFX: Model=Intel HD Graphics 4600 (Intel)
0:100  0:000  PCI (00|00:03.00) : 8086 0C0C class=040300
0:100  0:000  PCI (00|00:14.00) : 8086 8C31 class=0C0330
0:100  0:000  PCI (00|00:16.00) : 8086 8C3A class=078000
0:100  0:000  PCI (00|00:16.01) : FFFF FFFF class=FFFFFF
0:100  0:000  PCI (00|00:1A.00) : 8086 8C2D class=0C0320
0:100  0:000  PCI (00|00:1B.00) : 8086 8C20 class=040300
0:100  0:000  PCI (00|00:1C.00) : 8086 8C10 class=060400
0:100  0:000  PCI (00|00:1C.02) : 8086 8C14 class=060400
0:100  0:000  PCI (00|03:00.00) : 14E4 43B1 class=028000
0:100  0:000   - WIFI: Vendor=Broadcom
0:100  0:000  PCI (00|00:1C.03) : 8086 8C16 class=060400
0:100  0:000  PCI (00|04:00.00) : 10EC 8168 class=020000
0:100  0:000   - LAN: 0 Vendor=Realtek
0:100  0:000  PCI (00|00:1D.00) : 8086 8C26 class=0C0320
0:100  0:000  PCI (00|00:1F.00) : 8086 8C49 class=060100
0:100  0:000  PCI (00|00:1F.02) : 8086 8C03 class=010601
0:100  0:000  PCI (00|00:1F.03) : 8086 8C22 class=0C0500
0:100  0:000  PCI (00|00:1F.06) : FFFF FFFF class=FFFFFF
0:100  0:000  === [ GetDefaultSettings ] ================================
0:100  0:000  Clover load options size = 0 bytes
0:104  0:004  EFI\CLOVER\config.plist loaded: Success
0:104  0:000  === [ GetListOfThemes ] ===================================
0:105  0:001  - [00]: BLUEMAC
0:107  0:001  - [01]: MAC_S
0:109  0:002  - [02]: RANDOM
0:111  0:002  - [02]: METAL
0:113  0:002  - [03]: YosemiteLogin
0:117  0:003  - [04]: Luxury
0:119  0:002  - [05]: El Capitan
0:123  0:003  - [06]: applestyle
0:125  0:002  - [07]: BOOTCAMP
0:128  0:002  - [08]: SJK
0:131  0:003  - [09]: BGM
0:134  0:003  - [10]: EMBEDDED
0:138  0:004  === [ Found config plists ] ===============================
0:139  0:001  - config.plist
0:139  0:000  - config 2.plist
0:139  0:000  - config-backup.plist
0:139  0:000  === [ GetEarlyUserSettings ] ==============================
0:139  0:000  timeout set to 3
0:139  0:000  Custom boot CUSTOM_BOOT_ALT_APPLE (0x0)
0:139  0:000  KextsToPatch: 11 requested
0:139  0:000   - [00]: AirPortBrcm4360 (02_wifi_AirPort Extreme wangka) :: BinPatch :: data len: 6
0:139  0:000   - [01]: AirPortBrcm4360 (01_wifi_AirPortBrcm4360) :: BinPatch :: data len: 8
0:139  0:000   - [02]: IOBluetoothFamily (Handoff) :: BinPatch :: data len: 8
0:139  0:000   - [03]: AppleIntelFramebufferAzul (0x0a260006 9MB cursor bytes patch) :: BinPatch :: data len: 20
0:139  0:000   - patch disabled at config
0:139  0:000   - [04]: IOBluetoothFamily (10.11.dp1+ BT4LE-Handoff-Hotspot, credit RehabMan based on Dokterdok original) :: BinPatch :: data len: 8
0:139  0:000   - patch disabled at config
0:139  0:000   - [05]: AppleHDAController (t2-10.9-10.11-HD4600_HDMI_Audio-1of2) :: BinPatch :: data len: 5
0:139  0:000   - [06]: AppleUSBXHCIPCI (Used:remove usb limit) :: BinPatch :: data len: 7
0:139  0:000   - [07]: AirPortBrcm4360 (-1) :: BinPatch :: data len: 9
0:139  0:000   - [08]: AppleAHCIPort (02_External Icon Patch) :: BinPatch :: data len: 8
0:139  0:000   - [09]: AirPortBrcm4360 (5G) :: BinPatch :: data len: 7
0:139  0:000   - [10]: IOAHCIBlockStorage (01_Enable TRIM for SSD) :: BinPatch :: data len: 11
0:139  0:000  CustomEDID ok
0:139  0:000  === [ LoadDrivers ] =======================================
0:141  0:001  Loading DataHubDxe-64.efi  status=Success
0:149  0:008  Loading FirmwareVolume-64.efi  status=Success
0:149  0:000  Loading EmuVariableUefi-64.efi  status=Success
0:150  0:000  EmuVariableUefi Initialize: VariableCommonInitialize = Success, orig services stored, install gEmuVariableControlProtocolGuid = Success
0:150  0:000  Loading FSInject-64.efi  status=Success
0:151  0:000  Loading OsxFatBinaryDrv-64.efi  status=Success
0:151  0:000  Loading HFSPlus-64.efi  status=Success
0:152  0:000   - driver needs connecting
0:152  0:000  Loading NTFS.EFI  status=Success
0:153  0:000   - driver needs connecting
0:153  0:000  Loading OsxAptioFix2Drv-64.efi  status=Success
0:153  0:000  Loading SMCHelper-64.efi  status=Success
0:154  0:000  Loading AppleImageCodec-64.efi  status=Success
0:154  0:000  Loading PartitionDxe-64.efi  status=Success
0:155  0:000   - driver needs connecting
0:155  0:000  Loading AppleKeyAggregator-64.efi  status=Success
0:156  0:000  Loading AppleUITheme-64.efi  status=Success
0:156  0:000  Loading VBoxHfs-64.efi  status=Success
0:157  0:001   - driver needs connecting
0:157  0:000  4 drivers needs connecting ...
0:157  0:000  PlatformDriverOverrideProtocol->GetDriver overriden
0:157  0:000  Partition driver loaded: 
0:157  0:000  HFS+ driver loaded
0:157  0:000  Searching for invalid DiskIo BY_DRIVER connects: not found, all ok
0:837  0:679  EmuVariable InstallEmulation: orig vars copied, emu.var.services installed, CreateEvent VirtualAddressChange = Success, CreateEvent ExitBootServices = Success, set Status=Success
0:843  0:005  === [ InitScreen ] ========================================
0:843  0:000  SetScreenResolution: 1600x900 - not found!
0:843  0:000  SetMaxResolution: found best mode 0: 1024x768
0:959  0:116  Video mode change to mode #0: Success
0:959  0:000   - set
0:959  0:000  Console modes reported: 5, available modes:
0:959  0:000   - [01]: 80x25 (current mode)
0:959  0:000   - [03]: 100x31
0:959  0:000   - [04]: 64x20
0:959  0:000   - [05]: 102x32
0:959  0:000  reinit: self device path=PciRoot(0x0)\Pci(0x1F,0x2)\Sata(0x5,0xFFFF,0x0)\HD(1,GPT,92716829-EEC2-48AF-93D2-BFADC81CEC4E,0x22,0xC8000)
0:960  0:000  Using embedded font: Success
1:005  0:044  === [ GetMacAddress ] =====================================
1:005  0:000   get legacy LAN MAC, 1 card found
1:005  0:000  Legacy MAC address of LAN #0= BC:EE:7B:27:6B:A6:
1:005  0:000  === [ ScanSPD ] ===========================================
1:005  0:000  SMBus device : 8086 8C22 class=0C0500 status=Success
1:005  0:000  SMBus CmdReg: 0x3
1:005  0:000  Scanning SMBus [8086:8C22], mmio: 0xF7C19004, ioport: 0xF040, hostc: 0x11
1:005  0:000  Slots to scan [8]...
1:005  0:000  SPD[0]: Type 11 @0x50
1:023  0:018  Not using XMP because it is not present
1:023  0:000  DDR speed 1600MHz
1:023  0:000  Slot: 0 Type 24 4096MB 1600MHz Vendor=Samsung PartNo=M471B5173QH0-YK0 SerialNo=02030509060A080D
1:024  0:000  SPD[2]: Type 11 @0x52
1:042  0:018  Not using XMP because it is not present
1:042  0:000  DDR speed 1600MHz
1:042  0:000  Slot: 2 Type 24 8192MB 1600MHz Vendor=Kingston PartNo=9905428-123.A00LF SerialNo=050B00080A080B07
1:043  0:000  === [ GetAcpiTablesList ] =================================
1:043  0:000  Get Acpi Tables List from RSDT:
1:043  0:000   - [00]: FACP  Notebook len=132
1:043  0:000   - [01]: APIC  Notebook len=146
1:043  0:000   - [02]: FPDT  Notebook len=68
1:043  0:000   - [03]: ECDT  Notebook len=193
1:043  0:000   - [04]: MSDM  Notebook len=85
1:043  0:000   - [05]: SSDT  Notebook len=512
1:043  0:000   - [06]: SSDT  Notebook len=413
1:043  0:000   - [07]: SSDT  Notebook len=1367
1:043  0:000   - [08]: SSDT  Notebook len=2776
1:043  0:000   - [09]: MCFG  Notebook len=60
1:043  0:000   - [10]: HPET  Notebook len=56
1:043  0:000   - [11]: SSDT  Notebook len=855
1:043  0:000   - [12]: SSDT  Notebook len=6044
1:043  0:000   - [13]: DMAR  Notebook len=184
1:043  0:000  Calibrated TSC frequency =2394460995 =2394MHz
1:043  0:000  === [ GetUserSettings ] ===================================
1:043  0:000  CustomEDID ok
1:043  0:000  USB FixOwnership: yes
1:043  0:000  Dropping 1 tables:
1:043  0:000   - [00]: Drop table  signature="DMAR" (52414D44)
1:043  0:000           - set table: 52414D44,                0 to drop: yes
1:043  0:000   - final DSDT Fix mask=00000000
1:043  0:000  PatchesDSDT: 2 requested
1:043  0:000   - [00]: (Rename B0D3 to HDAU) lenToFind: 4, lenToReplace: 4
1:043  0:000   - [01]: (Rename GFX0 to IGPU) lenToFind: 4, lenToReplace: 4
1:043  0:000  EnableC7: yes
1:043  0:000  EnableC4: yes
1:043  0:000  EnableC2: yes
1:043  0:000  ChassisType: 0xD
1:047  0:003  === [ ScanVolumes ] =======================================
1:047  0:000  Found 14 volumes with blockIO
1:047  0:000  - [00]: Volume: PciRoot(0x0)\Pci(0x1F,0x2)\Sata(0x4,0xFFFF,0x0)
1:102  0:055  - [01]: Volume: PciRoot(0x0)\Pci(0x1F,0x2)\Sata(0x5,0xFFFF,0x0)
1:103  0:000  - [02]: Volume: PciRoot(0x0)\Pci(0x1F,0x2)\Sata(0x4,0xFFFF,0x0)\HD(1,GPT,D88E6BE6-B4A7-4BA3-87A2-AE79FE06ADD7,0x800,0xFA000)
1:110  0:007          Result of bootcode detection: bootable Windows (win)
1:112  0:001  - [03]: Volume: PciRoot(0x0)\Pci(0x1F,0x2)\Sata(0x4,0xFFFF,0x0)\HD(2,GPT,F6DE6E36-73BB-4F46-8EDD-3E3012ADE82B,0xFA800,0x7971D90)
1:118  0:006  - [04]: Volume: PciRoot(0x0)\Pci(0x1F,0x2)\Sata(0x4,0xFFFF,0x0)\HD(3,GPT,176E2EDB-110F-4927-9D5B-68503C7E6DCF,0x7AAC590,0x210B2270)
1:131  0:012          Result of bootcode detection: bootable Windows (vista,win)
1:131  0:000  - [05]: Volume: PciRoot(0x0)\Pci(0x1F,0x2)\Sata(0x4,0xFFFF,0x0)\HD(4,GPT,EA7397DA-9ED9-418A-B349-062F596CFD97,0x28B5E800,0x25D78000)
1:151  0:020          Result of bootcode detection: bootable Windows (win)
1:353  0:201  - [06]: Volume: PciRoot(0x0)\Pci(0x1F,0x2)\Sata(0x4,0xFFFF,0x0)\HD(5,GPT,C8D59CEE-9135-4ECB-8AE7-79CDDAF08ED7,0x4E8D7000,0x25DEFD88)
1:353  0:000  - [07]: Volume: PciRoot(0x0)\Pci(0x1F,0x2)\Sata(0x5,0xFFFF,0x0)\HD(1,GPT,92716829-EEC2-48AF-93D2-BFADC81CEC4E,0x22,0xC8000)
1:354  0:001          Result of bootcode detection: bootable Windows (vista,win)
1:356  0:002          This is SelfVolume !!
1:356  0:000  - [08]: Volume: PciRoot(0x0)\Pci(0x1F,0x2)\Sata(0x5,0xFFFF,0x0)\HD(2,GPT,213D35C9-A7E7-42E2-ABF9-35C677F85C35,0xC8022,0x76D1DC8)
1:357  0:000  - [09]: Volume: PciRoot(0x0)\Pci(0x1F,0x2)\Sata(0x5,0xFFFF,0x0)\HD(3,GPT,E54FC8B6-A734-44AA-BE5B-95DA32F28098,0x78CFD10,0x3B1448A)
1:357  0:000          Result of bootcode detection: bootable Windows (vista,win)
1:357  0:000  - [10]: Volume: PciRoot(0x0)\Pci(0x1F,0x2)\Sata(0x5,0xFFFF,0x0)\HD(4,GPT,4D07B709-86E6-4CFC-9DEA-C59BD3DD4B7F,0xB3E4800,0xF3000)
1:358  0:000          Result of bootcode detection: bootable Windows (vista,win)
1:358  0:000  - [11]: Volume: PciRoot(0x0)\Pci(0x1F,0x2)\Sata(0x5,0xFFFF,0x0)\HD(5,GPT,04C9A039-008A-4154-A8C6-27517B810B5D,0xB4D79F6,0xB52E243)
1:359  0:000          Result of bootcode detection: bootable Windows (win)
1:380  0:021  - [12]: Volume: PciRoot(0x0)\Pci(0x1F,0x2)\Sata(0x5,0xFFFF,0x0)\HD(6,GPT,C146A1B0-CB85-4C07-95AA-F6F27A887936,0x16A06000,0x549E800)
1:380  0:000  - [13]: Volume: PciRoot(0x0)\Pci(0x1F,0x2)\Sata(0x5,0xFFFF,0x0)\HD(7,GPT,43004B3E-70D1-4CA9-9326-78B58455C8DF,0x1BEE4800,0x3F800)
1:434  0:053  Loading nvram.plist from Vol 'EFI' - loaded, size=3362
1:436  0:001  === [ PutNvramPlistToRtVars ] =============================
1:436  0:000   Adding Key: Clover.BackupDirOnDestVol: Size = 3, Data: 59 65 73 
1:436  0:000   Adding Key: Clover.KeepBackupLimit: Size = 3, Data: 31 30 30 
1:436  0:000   Adding Key: Clover.Theme: Size = 8, Data: 62 6F 6F 74 63 61 6D 70 
1:436  0:000   Adding Key: EFILoginHiDPI: Size = 4, Data: 00 00 00 00 
1:436  0:000   Skipping EmuVariableUefiPresent
1:436  0:000   Adding Key: LocationServicesEnabled: Size = 1, Data: 01 
1:436  0:000   Adding Key: SystemAudioVolume: Size = 1, Data: 80 
1:436  0:000   Adding Key: SystemAudioVolumeDB: Size = 1, Data: 80 
1:436  0:000   Adding Key: backlight-level: Size = 2, Data: FF FF 
1:436  0:000   Adding Key: bluetoothActiveControllerInfo: Size = 16, Data: 43 81 3C 41 00 00 00 00 60 14 24 FD 52 44 4D A8 
1:436  0:000   Adding Key: bootercfg: Size = 2, Data: 28 00 
1:436  0:000   Adding Key: csr-active-config: Size = 4, Data: 67 00 00 00 
1:436  0:000   Adding Key: efi-boot-device: Size = 216, Data: 3C 61 72 72 61 79 3E 3C 64 69 63 74 3E 3C 6B 65 79 3E 49 4F 4D 61 74 63 68 3C 2F 6B 65 79 3E 3C 64 69 63 74 3E 3C 6B 65 79 3E 49 4F 50 72 6F 76 69 64 65 72 43 6C 61 73 73 3C 2F 6B 65 79 3E 3C 73 74 72 69 6E 67 3E 49 4F 4D 65 64 69 61 3C 2F 73 74 72 69 6E 67 3E 3C 6B 65 79 3E 49 4F 50 72 6F 70 65 72 74 79 4D 61 74 63 68 3C 2F 6B 65 79 3E 3C 64 69 63 74 3E 3C 6B 65 79 3E 55 55 49 44 3C 2F 6B 65 79 3E 3C 73 74 72 69 6E 67 3E 32 31 33 44 33 35 43 39 2D 41 37 45 37 2D 34 32 45 32 2D 41 42 46 39 2D 33 35 43 36 37 37 46 38 35 43 33 35 3C 2F 73 74 72 69 6E 67 3E 3C 2F 64 69 63 74 3E 3C 2F 64 69 63 74 3E 3C 2F 64 69 63 74 3E 3C 2F 61 72 72 61 79 3E 
1:436  0:000   Adding Key: efi-boot-device-data: Size = 74, Data: 02 01 0C 00 D0 41 03 0A 00 00 00 00 01 01 06 00 02 1F 03 12 0A 00 05 00 FF FF 00 00 04 01 2A 00 02 00 00 00 22 80 0C 00 00 00 00 00 C8 1D 6D 07 00 00 00 00 C9 35 3D 21 E7 A7 E2 42 AB F9 35 C6 77 F8 5C 35 02 02 7F FF 04 00 
1:436  0:000   Adding Key: fakesmc-key-#KEY-ui32: Size = 4, Data: 00 00 00 1A 
1:436  0:000   Adding Key: fakesmc-key-$Adr-ui32: Size = 4, Data: 00 00 03 00 
1:436  0:000   Adding Key: fakesmc-key-$Num-ui8: Size = 1, Data: 01 
1:436  0:000   Adding Key: fakesmc-key-BATP-flag: Size = 1, Data: 00 
1:436  0:000   Adding Key: fakesmc-key-BBIN-ui8: Size = 1, Data: 01 
1:436  0:000   Adding Key: fakesmc-key-BEMB-flag: Size = 1, Data: 00 
1:436  0:000   Adding Key: fakesmc-key-BNum-ui8: Size = 1, Data: 00 
1:436  0:000   Adding Key: fakesmc-key-CLKH-{clh: Size = 8, Data: 00 00 70 80 00 01 19 40 
1:436  0:000   Adding Key: fakesmc-key-CLKT-ui32: Size = 4, Data: 00 00 FB 97 
1:436  0:000   Adding Key: fakesmc-key-EPCI-ui32: Size = 4, Data: 07 A0 07 00 
1:436  0:000   Adding Key: fakesmc-key-HI0N-ui8: Size = 1, Data: 04 
1:436  0:000   Adding Key: fakesmc-key-MSAc-ui16: Size = 2, Data: 00 00 
1:436  0:000   Adding Key: fakesmc-key-MSDW-ui8: Size = 1, Data: 01 
1:436  0:000   Adding Key: fakesmc-key-MSFW-ui8: Size = 2, Data: 01 00 
1:436  0:000   Adding Key: fakesmc-key-MSLD-ui8: Size = 1, Data: 00 
1:436  0:000   Adding Key: fakesmc-key-MSPS-ui16: Size = 2, Data: 00 03 
1:436  0:000   Adding Key: fakesmc-key-MSTc-ui8: Size = 1, Data: 00 
1:436  0:000   Adding Key: fakesmc-key-MSWr-ui8: Size = 1, Data: 00 
1:436  0:000   Adding Key: fakesmc-key-NATJ-ui8: Size = 1, Data: 00 
1:436  0:000   Adding Key: fakesmc-key-NATi-ui16: Size = 2, Data: 00 00 
1:436  0:000   Adding Key: fakesmc-key-NTOK-ui8: Size = 1, Data: 01 
1:436  0:000   Adding Key: fakesmc-key-QENA-ui8: Size = 1, Data: 01 
1:437  0:000   Adding Key: fakesmc-key-RBr -ch8*: Size = 8, Data: 6A 31 36 6A 31 37 00 00 
1:437  0:000   Adding Key: fakesmc-key-REV -ch8*: Size = 6, Data: 02 15 0F 00 00 07 
1:437  0:000   Adding Key: fakesmc-key-RMde-char: Size = 1, Data: 41 
1:437  0:000   Adding Key: fakesmc-key-RPlt-ch8*: Size = 8, Data: 6A 31 37 00 00 00 00 00 
1:437  0:000   Adding Key: flagstate: Size = 32, Data: 00 00 00 00 00 00 00 00 00 00 00 00 00 00 00 00 00 00 00 00 00 00 00 00 00 00 00 00 00 00 00 00 
1:437  0:000   Adding Key: fmm-computer-name: Size = 16, Data: 69 6A 6C 64 78 79 79 67 79 E7 9A 84 69 4D 61 63 
1:437  0:000   Adding Key: intel-backlight-level: Size = 4, Data: FD 01 00 00 
1:437  0:000   Adding Key: prev-lang:kbd: Size = 5, Data: 7A 68 5F 3A 30 
1:437  0:000   Adding Key: security-mode: String: Size = 4, Val = 'none'
1:437  0:000   Adding Key: specialbootdevice: Size = 74, Data: 02 01 0C 00 D0 41 03 0A 00 00 00 00 01 01 06 00 02 1F 03 12 0A 00 05 00 FF FF 00 00 04 01 2A 00 02 00 00 00 22 80 0C 00 00 00 00 00 C8 1D 6D 07 00 00 00 00 C9 35 3D 21 E7 A7 E2 42 AB F9 35 C6 77 F8 5C 35 02 02 7F FF 04 00 
1:437  0:000  === [ InitTheme ] =========================================
1:439  0:002  Using theme 'bootcamp' (EFI\CLOVER\themes\bootcamp)
1:439  0:000  theme bootcamp defined in NVRAM found and theme.plist parsed
1:439  0:000  Warning! Character width 9 should be even!
1:439  0:000  Loading font from ThemeDir: Error
1:441  0:002  Choosing theme bootcamp
1:441  0:000  after NVRAM boot-args=dart=0 -xcpm npci=0x2000 nv_disable=1 kext-dev-mode=1
1:441  0:000  === [ Dump SMC keys from NVRAM ] ==========================
1:441  0:000  found AppleSMC protocol
1:442  0:000  === [ ScanLoader ] ========================================
1:442  0:000  - [02]: 'EFI'
1:455  0:012  - [03]: 'mac_backUp'
1:491  0:036          AddLoaderEntry for Volume Name=mac_backUp
1:515  0:024      Check if volume Is Hibernated:
1:515  0:000      Check sleep image 'by signature':
1:553  0:037      read prefs \Library\Preferences\com.apple.PowerManagement.plist status=Success
1:553  0:000      using default sleep image name = \private\var\vm\sleepimage
1:576  0:023      sleepimage not found -> Not Found
1:576  0:000      hibernated: no - sign
1:666  0:089  - [04]: 'Doctument_ntfs'
1:713  0:046  - [05]: 'TEMP_FAT32'
1:725  0:011  - [06]: 'os_only'
1:737  0:012  - [07]: 'EFI'
1:742  0:005          AddLoaderEntry for Volume Name=EFI
2:670  0:928  - [08]: 'longwen's mac'
2:674  0:003          AddLoaderEntry for Volume Name=longwen's mac
2:676  0:002      Check if volume Is Hibernated:
2:676  0:000      Check sleep image 'by signature':
2:682  0:005      read prefs \Library\Preferences\com.apple.PowerManagement.plist status=Success
2:682  0:000      using default sleep image name = \private\var\vm\sleepimage
2:684  0:002      got sleep image offset
2:684  0:000       sleepimage offset acquired successfully: 84100A400
2:684  0:000       gSleepTime: 1529134577
2:684  0:000       HFS+ volume modifyDate: 1529134546
2:684  0:000       image older then volume: -31 sec
2:684  0:000      hibernated: yes
2:684  0:000    =>set entry as hibernated
2:760  0:075  - [09]: 'WIN10'
2:788  0:027  - [10]: ''
2:816  0:028  - [11]: 'SHARE_FAT32'
2:828  0:011  - [12]: 'Mac_used'
2:840  0:012  Scanning legacy ...
2:840  0:000   2: 'EFI' (win) add legacy
2:841  0:000   added 'Boot Windows from EFI' OSType=2 Icon=win
2:841  0:000   4: 'Doctument_ntfs' (vista,win) add legacy
2:842  0:000   added 'Boot Windows from Doctument_ntfs' OSType=2 Icon=vista,win
2:842  0:000   5: 'TEMP_FAT32' (win) add legacy
2:843  0:000   added 'Boot Windows from TEMP_FAT32' OSType=2 Icon=win
2:843  0:000   7: 'EFI' (vista,win) add legacy
2:843  0:000   added 'Boot Windows from EFI' OSType=2 Icon=vista,win
2:843  0:000   9: 'WIN10' (vista,win) add legacy
2:844  0:000   added 'Boot Windows from WIN10' OSType=2 Icon=vista,win
2:844  0:000  10: '' (vista,win) add legacy
2:845  0:000   added 'Boot Windows from ' OSType=2 Icon=vista,win
2:845  0:000  11: 'SHARE_FAT32' (win) add legacy
2:846  0:000   added 'Boot Windows from SHARE_FAT32' OSType=2 Icon=win
2:846  0:000  === [ AddCustomTool ] =====================================
2:849  0:003  found tool \EFI\CLOVER\tools\Shell64U.efi
2:849  0:000  Checking EFI partition Volume 2 for Clover
2:849  0:000  Checking EFI partition Volume 7 for Clover
2:850  0:001   Found Clover
2:852  0:001  EmuVariable UninstallEmulation: CloseEvent = Success, original var services restored
2:855  0:002  EmuVariable InstallEmulation: orig vars copied, emu.var.services installed, CreateEvent VirtualAddressChange = Success, CreateEvent ExitBootServices = Success, set Status=Success
2:861  0:005  === [ GetEfiBootDeviceFromNvram ] =========================
2:861  0:000   - efi-boot-device-data: PciRoot(0x0)\Pci(0x1F,0x2)\Sata(0x5,0xFFFF,0x0)\HD(2,GPT,213D35C9-A7E7-42E2-ABF9-35C677F85C35,0xC8022,0x76D1DC8)
2:861  0:000    - Volume: 'PciRoot(0x0)\Pci(0x1F,0x2)\Sata(0x5,0xFFFF,0x0)\HD(2,GPT,213D35C9-A7E7-42E2-ABF9-35C677F85C35,0xC8022,0x76D1DC8)'
2:861  0:000    - LoaderPath: '<null string>'
2:861  0:000    - Guid = 213D35C9-A7E7-42E2-ABF9-35C677F85C35
2:861  0:000  === [ FindStartupDiskVolume ] =============================
2:861  0:000    - Volume: partition = PciRoot(0x0)\Pci(0x1F,0x2)\Sata(0x5,0xFFFF,0x0)\HD(2,GPT,213D35C9-A7E7-42E2-ABF9-35C677F85C35,0xC8022,0x76D1DC8)
2:861  0:000     - searching for that partition
2:861  0:000      - found entry 2. 'Boot macOS from longwen's mac (hibernated)', Volume 'longwen's mac'
2:861  0:000  Boot redirected to Entry 2. 'Boot macOS from longwen's mac (hibernated)'
2:861  0:000  EmuVariable UninstallEmulation: CloseEvent = Success, original var services restored
2:861  0:000  DefaultIndex=2 and MainMenu.EntryCount=16
2:964  0:103  GUI ready
6:046  3:081  ReinitSelfLib after theme change
6:046  0:000  reinit: self device path=PciRoot(0x0)\Pci(0x1F,0x2)\Sata(0x5,0xFFFF,0x0)\HD(1,GPT,92716829-EEC2-48AF-93D2-BFADC81CEC4E,0x22,0xC8000)
6:046  0:000  === [ ScanVolumes ] =======================================
6:046  0:000  Found 14 volumes with blockIO
6:046  0:000  - [00]: Volume: PciRoot(0x0)\Pci(0x1F,0x2)\Sata(0x4,0xFFFF,0x0)
6:161  0:115  - [01]: Volume: PciRoot(0x0)\Pci(0x1F,0x2)\Sata(0x5,0xFFFF,0x0)
6:162  0:001  - [02]: Volume: PciRoot(0x0)\Pci(0x1F,0x2)\Sata(0x4,0xFFFF,0x0)\HD(1,GPT,D88E6BE6-B4A7-4BA3-87A2-AE79FE06ADD7,0x800,0xFA000)
6:170  0:007          Result of bootcode detection: bootable Windows (win)
6:170  0:000  - [03]: Volume: PciRoot(0x0)\Pci(0x1F,0x2)\Sata(0x4,0xFFFF,0x0)\HD(2,GPT,F6DE6E36-73BB-4F46-8EDD-3E3012ADE82B,0xFA800,0x7971D90)
6:177  0:007  - [04]: Volume: PciRoot(0x0)\Pci(0x1F,0x2)\Sata(0x4,0xFFFF,0x0)\HD(3,GPT,176E2EDB-110F-4927-9D5B-68503C7E6DCF,0x7AAC590,0x210B2270)
6:190  0:012          Result of bootcode detection: bootable Windows (vista,win)
6:190  0:000  - [05]: Volume: PciRoot(0x0)\Pci(0x1F,0x2)\Sata(0x4,0xFFFF,0x0)\HD(4,GPT,EA7397DA-9ED9-418A-B349-062F596CFD97,0x28B5E800,0x25D78000)
6:190  0:000          Result of bootcode detection: bootable Windows (win)
6:190  0:000  - [06]: Volume: PciRoot(0x0)\Pci(0x1F,0x2)\Sata(0x4,0xFFFF,0x0)\HD(5,GPT,C8D59CEE-9135-4ECB-8AE7-79CDDAF08ED7,0x4E8D7000,0x25DEFD88)
6:211  0:020  - [07]: Volume: PciRoot(0x0)\Pci(0x1F,0x2)\Sata(0x5,0xFFFF,0x0)\HD(1,GPT,92716829-EEC2-48AF-93D2-BFADC81CEC4E,0x22,0xC8000)
6:212  0:000          Result of bootcode detection: bootable Windows (vista,win)
6:213  0:001          This is SelfVolume !!
6:213  0:000  - [08]: Volume: PciRoot(0x0)\Pci(0x1F,0x2)\Sata(0x5,0xFFFF,0x0)\HD(2,GPT,213D35C9-A7E7-42E2-ABF9-35C677F85C35,0xC8022,0x76D1DC8)
6:214  0:000  - [09]: Volume: PciRoot(0x0)\Pci(0x1F,0x2)\Sata(0x5,0xFFFF,0x0)\HD(3,GPT,E54FC8B6-A734-44AA-BE5B-95DA32F28098,0x78CFD10,0x3B1448A)
6:214  0:000          Result of bootcode detection: bootable Windows (vista,win)
6:214  0:000  - [10]: Volume: PciRoot(0x0)\Pci(0x1F,0x2)\Sata(0x5,0xFFFF,0x0)\HD(4,GPT,4D07B709-86E6-4CFC-9DEA-C59BD3DD4B7F,0xB3E4800,0xF3000)
6:215  0:000          Result of bootcode detection: bootable Windows (vista,win)
6:215  0:000  - [11]: Volume: PciRoot(0x0)\Pci(0x1F,0x2)\Sata(0x5,0xFFFF,0x0)\HD(5,GPT,04C9A039-008A-4154-A8C6-27517B810B5D,0xB4D79F6,0xB52E243)
6:215  0:000          Result of bootcode detection: bootable Windows (win)
6:215  0:000  - [12]: Volume: PciRoot(0x0)\Pci(0x1F,0x2)\Sata(0x5,0xFFFF,0x0)\HD(6,GPT,C146A1B0-CB85-4C07-95AA-F6F27A887936,0x16A06000,0x549E800)
6:216  0:000  - [13]: Volume: PciRoot(0x0)\Pci(0x1F,0x2)\Sata(0x5,0xFFFF,0x0)\HD(7,GPT,43004B3E-70D1-4CA9-9326-78B58455C8DF,0x1BEE4800,0x3F800)
6:216  0:000  === [ PutNvramPlistToRtVars ] =============================
6:216  0:000   Adding Key: Clover.BackupDirOnDestVol: Size = 3, Data: 59 65 73 
6:216  0:000   Adding Key: Clover.KeepBackupLimit: Size = 3, Data: 31 30 30 
6:217  0:000   Adding Key: Clover.Theme: Size = 8, Data: 62 6F 6F 74 63 61 6D 70 
6:217  0:000   Adding Key: EFILoginHiDPI: Size = 4, Data: 00 00 00 00 
6:217  0:000   Skipping EmuVariableUefiPresent
6:217  0:000   Adding Key: LocationServicesEnabled: Size = 1, Data: 01 
6:217  0:000   Adding Key: SystemAudioVolume: Size = 1, Data: 80 
6:217  0:000   Adding Key: SystemAudioVolumeDB: Size = 1, Data: 80 
6:217  0:000   Adding Key: backlight-level: Size = 2, Data: FF FF 
6:217  0:000   Adding Key: bluetoothActiveControllerInfo: Size = 16, Data: 43 81 3C 41 00 00 00 00 60 14 24 FD 52 44 4D A8 
6:217  0:000   Adding Key: bootercfg: Size = 2, Data: 28 00 
6:217  0:000   Adding Key: csr-active-config: Size = 4, Data: 67 00 00 00 
6:217  0:000   Adding Key: efi-boot-device: Size = 216, Data: 3C 61 72 72 61 79 3E 3C 64 69 63 74 3E 3C 6B 65 79 3E 49 4F 4D 61 74 63 68 3C 2F 6B 65 79 3E 3C 64 69 63 74 3E 3C 6B 65 79 3E 49 4F 50 72 6F 76 69 64 65 72 43 6C 61 73 73 3C 2F 6B 65 79 3E 3C 73 74 72 69 6E 67 3E 49 4F 4D 65 64 69 61 3C 2F 73 74 72 69 6E 67 3E 3C 6B 65 79 3E 49 4F 50 72 6F 70 65 72 74 79 4D 61 74 63 68 3C 2F 6B 65 79 3E 3C 64 69 63 74 3E 3C 6B 65 79 3E 55 55 49 44 3C 2F 6B 65 79 3E 3C 73 74 72 69 6E 67 3E 32 31 33 44 33 35 43 39 2D 41 37 45 37 2D 34 32 45 32 2D 41 42 46 39 2D 33 35 43 36 37 37 46 38 35 43 33 35 3C 2F 73 74 72 69 6E 67 3E 3C 2F 64 69 63 74 3E 3C 2F 64 69 63 74 3E 3C 2F 64 69 63 74 3E 3C 2F 61 72 72 61 79 3E 
6:217  0:000   Adding Key: efi-boot-device-data: Size = 74, Data: 02 01 0C 00 D0 41 03 0A 00 00 00 00 01 01 06 00 02 1F 03 12 0A 00 05 00 FF FF 00 00 04 01 2A 00 02 00 00 00 22 80 0C 00 00 00 00 00 C8 1D 6D 07 00 00 00 00 C9 35 3D 21 E7 A7 E2 42 AB F9 35 C6 77 F8 5C 35 02 02 7F FF 04 00 
6:217  0:000   Adding Key: fakesmc-key-#KEY-ui32: Size = 4, Data: 00 00 00 1A 
6:217  0:000   Adding Key: fakesmc-key-$Adr-ui32: Size = 4, Data: 00 00 03 00 
6:217  0:000   Adding Key: fakesmc-key-$Num-ui8: Size = 1, Data: 01 
6:217  0:000   Adding Key: fakesmc-key-BATP-flag: Size = 1, Data: 00 
6:217  0:000   Adding Key: fakesmc-key-BBIN-ui8: Size = 1, Data: 01 
6:217  0:000   Adding Key: fakesmc-key-BEMB-flag: Size = 1, Data: 00 
6:218  0:000   Adding Key: fakesmc-key-BNum-ui8: Size = 1, Data: 00 
6:218  0:000   Adding Key: fakesmc-key-CLKH-{clh: Size = 8, Data: 00 00 70 80 00 01 19 40 
6:218  0:000   Adding Key: fakesmc-key-CLKT-ui32: Size = 4, Data: 00 00 FB 97 
6:218  0:000   Adding Key: fakesmc-key-EPCI-ui32: Size = 4, Data: 07 A0 07 00 
6:218  0:000   Adding Key: fakesmc-key-HI0N-ui8: Size = 1, Data: 04 
6:218  0:000   Adding Key: fakesmc-key-MSAc-ui16: Size = 2, Data: 00 00 
6:218  0:000   Adding Key: fakesmc-key-MSDW-ui8: Size = 1, Data: 01 
6:218  0:000   Adding Key: fakesmc-key-MSFW-ui8: Size = 2, Data: 01 00 
6:218  0:000   Adding Key: fakesmc-key-MSLD-ui8: Size = 1, Data: 00 
6:218  0:000   Adding Key: fakesmc-key-MSPS-ui16: Size = 2, Data: 00 03 
6:218  0:000   Adding Key: fakesmc-key-MSTc-ui8: Size = 1, Data: 00 
6:218  0:000   Adding Key: fakesmc-key-MSWr-ui8: Size = 1, Data: 00 
6:218  0:000   Adding Key: fakesmc-key-NATJ-ui8: Size = 1, Data: 00 
6:218  0:000   Adding Key: fakesmc-key-NATi-ui16: Size = 2, Data: 00 00 
6:218  0:000   Adding Key: fakesmc-key-NTOK-ui8: Size = 1, Data: 01 
6:218  0:000   Adding Key: fakesmc-key-QENA-ui8: Size = 1, Data: 01 
6:218  0:000   Adding Key: fakesmc-key-RBr -ch8*: Size = 8, Data: 6A 31 36 6A 31 37 00 00 
6:218  0:000   Adding Key: fakesmc-key-REV -ch8*: Size = 6, Data: 02 15 0F 00 00 07 
6:219  0:000   Adding Key: fakesmc-key-RMde-char: Size = 1, Data: 41 
6:219  0:000   Adding Key: fakesmc-key-RPlt-ch8*: Size = 8, Data: 6A 31 37 00 00 00 00 00 
6:219  0:000   Adding Key: flagstate: Size = 32, Data: 00 00 00 00 00 00 00 00 00 00 00 00 00 00 00 00 00 00 00 00 00 00 00 00 00 00 00 00 00 00 00 00 
6:219  0:000   Adding Key: fmm-computer-name: Size = 16, Data: 69 6A 6C 64 78 79 79 67 79 E7 9A 84 69 4D 61 63 
6:219  0:000   Adding Key: intel-backlight-level: Size = 4, Data: FD 01 00 00 
6:219  0:000   Adding Key: prev-lang:kbd: Size = 5, Data: 7A 68 5F 3A 30 
6:219  0:000   Adding Key: security-mode: String: Size = 4, Val = 'none'
6:219  0:000   Adding Key: specialbootdevice: Size = 74, Data: 02 01 0C 00 D0 41 03 0A 00 00 00 00 01 01 06 00 02 1F 03 12 0A 00 05 00 FF FF 00 00 04 01 2A 00 02 00 00 00 22 80 0C 00 00 00 00 00 C8 1D 6D 07 00 00 00 00 C9 35 3D 21 E7 A7 E2 42 AB F9 35 C6 77 F8 5C 35 02 02 7F FF 04 00 
6:219  0:000  Choosing theme bootcamp
6:219  0:000  after NVRAM boot-args=dart=0 -xcpm npci=0x2000 nv_disable=1 kext-dev-mode=1
6:219  0:000  === [ ScanLoader ] ========================================
6:219  0:000  - [02]: 'EFI'
6:232  0:012  - [03]: 'mac_backUp'
6:317  0:085          AddLoaderEntry for Volume Name=mac_backUp
6:341  0:024      Check if volume Is Hibernated:
6:341  0:000      Check sleep image 'by signature':
6:379  0:037      read prefs \Library\Preferences\com.apple.PowerManagement.plist status=Success
6:379  0:000      using default sleep image name = \private\var\vm\sleepimage
6:414  0:034      sleepimage not found -> Not Found
6:414  0:000      hibernated: no - sign
6:508  0:093  - [04]: 'Doctument_ntfs'
6:561  0:053  - [05]: 'TEMP_FAT32'
6:573  0:011  - [06]: 'os_only'
6:585  0:011  - [07]: 'EFI'
6:590  0:005          AddLoaderEntry for Volume Name=EFI
7:517  0:927  - [08]: 'longwen's mac'
7:523  0:005          AddLoaderEntry for Volume Name=longwen's mac
7:525  0:002      Check if volume Is Hibernated:
7:525  0:000      Check sleep image 'by signature':
7:531  0:005      read prefs \Library\Preferences\com.apple.PowerManagement.plist status=Success
7:531  0:000      using default sleep image name = \private\var\vm\sleepimage
7:534  0:002      got sleep image offset
7:534  0:000       sleepimage offset acquired successfully: 84100A400
7:534  0:000       gSleepTime: 1529134577
7:534  0:000       HFS+ volume modifyDate: 1529134546
7:534  0:000       image older then volume: -31 sec
7:534  0:000      hibernated: yes
7:534  0:000    =>set entry as hibernated
7:610  0:075  - [09]: 'WIN10'
7:638  0:027  - [10]: ''
7:665  0:027  - [11]: 'SHARE_FAT32'
7:677  0:011  - [12]: 'Mac_used'
7:689  0:011  Scanning legacy ...
7:689  0:000   2: 'EFI' (win) add legacy
7:690  0:000   added 'Boot Windows from EFI' OSType=2 Icon=win
7:690  0:000   4: 'Doctument_ntfs' (vista,win) add legacy
7:691  0:000   added 'Boot Windows from Doctument_ntfs' OSType=2 Icon=vista,win
7:691  0:000   5: 'TEMP_FAT32' (win) add legacy
7:692  0:000   added 'Boot Windows from TEMP_FAT32' OSType=2 Icon=win
7:692  0:000   7: 'EFI' (vista,win) add legacy
7:692  0:000   added 'Boot Windows from EFI' OSType=2 Icon=vista,win
7:692  0:000   9: 'WIN10' (vista,win) add legacy
7:693  0:000   added 'Boot Windows from WIN10' OSType=2 Icon=vista,win
7:693  0:000  10: '' (vista,win) add legacy
7:694  0:000   added 'Boot Windows from ' OSType=2 Icon=vista,win
7:694  0:000  11: 'SHARE_FAT32' (win) add legacy
7:695  0:000   added 'Boot Windows from SHARE_FAT32' OSType=2 Icon=win
7:695  0:000  === [ AddCustomTool ] =====================================
7:696  0:001  found tool \EFI\CLOVER\tools\Shell64U.efi
7:696  0:000  Checking EFI partition Volume 2 for Clover
7:697  0:000  Checking EFI partition Volume 7 for Clover
7:698  0:001   Found Clover
7:698  0:000  EmuVariable UninstallEmulation: CloseEvent = Invalid Parameter, original var services restored
7:698  0:000  EmuVariable InstallEmulation: orig vars copied, emu.var.services installed, CreateEvent VirtualAddressChange = Success, CreateEvent ExitBootServices = Success, set Status=Success
7:706  0:008  === [ GetEfiBootDeviceFromNvram ] =========================
7:706  0:000  === [ FindStartupDiskVolume ] =============================
7:706  0:000    - Volume: partition = PciRoot(0x0)\Pci(0x1F,0x2)\Sata(0x5,0xFFFF,0x0)\HD(2,GPT,213D35C9-A7E7-42E2-ABF9-35C677F85C35,0xC8022,0x76D1DC8)
7:706  0:000     - searching for that partition
7:706  0:000      - found entry 2. 'Boot macOS from longwen's mac (hibernated)', Volume 'longwen's mac'
7:706  0:000  Boot redirected to Entry 2. 'Boot macOS from longwen's mac (hibernated)'
7:706  0:000  EmuVariable UninstallEmulation: CloseEvent = Success, original var services restored
7:707  0:000  DefaultIndex=2 and MainMenu.EntryCount=16
